2022-01-07 10:59:12 INFO  ReimbursementDAOTest:127 - Comment [commentId=1, request=Reimbursement [reqId=1, requestor=Employee [empId=15, firstName=First, lastName=Last, username=, password=, role=Role [roleId=1, name=Employee], funds=1000.0, supervisor=Employee [empId=15, firstName=null, lastName=null, username=null, password=null, role=null, funds=0.0, supervisor=null, department=null], department=Department [deptId=1, name=Executive, deptHeadId=1]], eventDate=null, eventTime=null, location=, description=, cost=0.0, gradingFormat=GradingFormat [formatId=4, name=Other, example=null], eventType=EventType [eventId=6, name=Other, percentCovered=30.0], status=Status [statusId=1, name=Pending Approval, approver=Direct Supervisor], submittedAt=null], approver=Employee [empId=5, firstName=First, lastName=Last, username=, password=, role=Role [roleId=1, name=Employee], funds=1000.0, supervisor=Employee [empId=15, firstName=null, lastName=null, username=null, password=null, role=null, funds=0.0, supervisor=null, department=null], department=Department [deptId=1, name=Executive, deptHeadId=1]], commentText=Gorilla gorilla, sentAt=2021-05-30T00:00]
2022-01-07 10:59:12 INFO  ReimbursementDAOTest:134 - null
2022-01-07 10:59:31 INFO  Department:28 - null
2022-01-07 10:59:32 INFO  Department:35 - null
2022-01-07 11:02:38 INFO  ReimbursementDAOTest:28 - EventType [eventId=2, name=Seminars, percentCovered=0.6]
2022-01-07 11:02:39 INFO  ReimbursementDAOTest:35 - null
2022-01-07 11:03:03 INFO  GradingFormatDAOTest:65 - []
2022-01-07 11:03:26 INFO  GradingFormatDAOTest:65 - []
2022-01-07 11:03:43 INFO  ReimbursementDAOTest:32 - Status [statusId=1, name=Pending Approval, approver=Direct Supervisor]
2022-01-07 11:04:16 INFO  ReimbursementDAOTest:28 - EventType [eventId=2, name=Seminars, percentCovered=0.6]
2022-01-07 11:04:17 INFO  ReimbursementDAOTest:35 - null
2022-01-07 11:04:34 INFO  GradingFormatDAOTest:65 - []
2022-01-07 11:04:47 INFO  GradingFormatDAOTest:65 - []
2022-01-07 11:05:13 INFO  ReimbursementDAOTest:127 - Comment [commentId=1, request=Reimbursement [reqId=1, requestor=Employee [empId=15, firstName=First, lastName=Last, username=, password=, role=Role [roleId=1, name=Employee], funds=1000.0, supervisor=Employee [empId=15, firstName=null, lastName=null, username=null, password=null, role=null, funds=0.0, supervisor=null, department=null], department=Department [deptId=1, name=Executive, deptHeadId=1]], eventDate=null, eventTime=null, location=, description=, cost=0.0, gradingFormat=GradingFormat [formatId=4, name=Other, example=null], eventType=EventType [eventId=6, name=Other, percentCovered=30.0], status=Status [statusId=1, name=Pending Approval, approver=Direct Supervisor], submittedAt=null], approver=Employee [empId=5, firstName=First, lastName=Last, username=, password=, role=Role [roleId=1, name=Employee], funds=1000.0, supervisor=Employee [empId=15, firstName=null, lastName=null, username=null, password=null, role=null, funds=0.0, supervisor=null, department=null], department=Department [deptId=1, name=Executive, deptHeadId=1]], commentText=Gorilla gorilla, sentAt=2021-05-30T00:00]
2022-01-07 11:05:13 INFO  ReimbursementDAOTest:134 - null
2022-01-07 11:05:26 INFO  Department:28 - null
2022-01-07 11:05:27 INFO  Department:35 - null
2022-01-07 11:06:54 INFO  Department:32 - null
2022-01-08 18:39:28 INFO  ReimbursementDAOTest:127 - Comment [commentId=1, request=Reimbursement [reqId=1, requestor=Employee [empId=15, firstName=First, lastName=Last, username=, password=, role=Role [roleId=1, name=Employee], funds=1000.0, supervisor=Employee [empId=15, firstName=null, lastName=null, username=null, password=null, role=null, funds=0.0, supervisor=null, department=null], department=Department [deptId=1, name=Executive, deptHeadId=1]], eventDate=null, eventTime=null, location=, description=, cost=0.0, gradingFormat=GradingFormat [formatId=4, name=Other, example=null], eventType=EventType [eventId=6, name=Other, percentCovered=30.0], status=Status [statusId=1, name=Pending Approval, approver=Direct Supervisor], submittedAt=null], approver=Employee [empId=5, firstName=First, lastName=Last, username=, password=, role=Role [roleId=1, name=Employee], funds=1000.0, supervisor=Employee [empId=15, firstName=null, lastName=null, username=null, password=null, role=null, funds=0.0, supervisor=null, department=null], department=Department [deptId=1, name=Executive, deptHeadId=1]], commentText=Gorilla gorilla, sentAt=2021-05-30T00:00]
2022-01-08 18:39:28 INFO  ReimbursementDAOTest:134 - null
2022-01-08 18:39:29 INFO  ReimbursementDAOTest:32 - Status [statusId=1, name=Pending Approval, approver=Direct Supervisor]
2022-01-08 18:39:30 INFO  GradingFormatDAOTest:65 - []
2022-01-08 18:39:32 INFO  ReimbursementDAOTest:28 - EventType [eventId=2, name=Seminars, percentCovered=0.6]
2022-01-08 18:39:33 INFO  ReimbursementDAOTest:35 - null
2022-01-08 18:39:34 INFO  Department:32 - null
2022-01-08 18:45:19 INFO  ReimbursementDAOTest:127 - Comment [commentId=1, request=Reimbursement [reqId=1, requestor=Employee [empId=15, firstName=First, lastName=Last, username=, password=, role=Role [roleId=1, name=Employee], funds=1000.0, supervisor=Employee [empId=15, firstName=null, lastName=null, username=null, password=null, role=null, funds=0.0, supervisor=null, department=null], department=Department [deptId=1, name=Executive, deptHeadId=1]], eventDate=null, eventTime=null, location=, description=, cost=0.0, gradingFormat=GradingFormat [formatId=4, name=Other, example=null], eventType=EventType [eventId=6, name=Other, percentCovered=30.0], status=Status [statusId=1, name=Pending Approval, approver=Direct Supervisor], submittedAt=null], approver=Employee [empId=5, firstName=First, lastName=Last, username=, password=, role=Role [roleId=1, name=Employee], funds=1000.0, supervisor=Employee [empId=15, firstName=null, lastName=null, username=null, password=null, role=null, funds=0.0, supervisor=null, department=null], department=Department [deptId=1, name=Executive, deptHeadId=1]], commentText=Gorilla gorilla, sentAt=2021-05-30T00:00]
2022-01-08 18:45:19 INFO  ReimbursementDAOTest:134 - null
2022-01-08 18:47:45 INFO  ReimbursementDAOTest:127 - Comment [commentId=1, request=Reimbursement [reqId=1, requestor=Employee [empId=15, firstName=First, lastName=Last, username=, password=, role=Role [roleId=1, name=Employee], funds=1000.0, supervisor=Employee [empId=15, firstName=null, lastName=null, username=null, password=null, role=null, funds=0.0, supervisor=null, department=null], department=Department [deptId=1, name=Executive, deptHeadId=1]], eventDate=null, eventTime=null, location=, description=, cost=0.0, gradingFormat=GradingFormat [formatId=4, name=Other, example=null], eventType=EventType [eventId=6, name=Other, percentCovered=30.0], status=Status [statusId=1, name=Pending Approval, approver=Direct Supervisor], submittedAt=null], approver=Employee [empId=5, firstName=First, lastName=Last, username=, password=, role=Role [roleId=1, name=Employee], funds=1000.0, supervisor=Employee [empId=15, firstName=null, lastName=null, username=null, password=null, role=null, funds=0.0, supervisor=null, department=null], department=Department [deptId=1, name=Executive, deptHeadId=1]], commentText=Gorilla gorilla, sentAt=2021-05-30T00:00]
2022-01-08 18:47:45 INFO  ReimbursementDAOTest:134 - null
2022-01-08 18:48:13 INFO  ReimbursementDAOTest:32 - Status [statusId=1, name=Pending Approval, approver=Direct Supervisor]
2022-01-08 18:48:26 INFO  ReimbursementDAOTest:28 - EventType [eventId=2, name=Seminars, percentCovered=0.6]
2022-01-08 18:48:27 INFO  ReimbursementDAOTest:35 - null
2022-01-08 18:49:35 INFO  ReimbursementDAOTest:28 - EventType [eventId=2, name=Seminars, percentCovered=0.6]
2022-01-08 18:49:35 INFO  ReimbursementDAOTest:35 - null
2022-01-08 18:50:16 INFO  ReimbursementDAOTest:28 - EventType [eventId=2, name=Seminars, percentCovered=0.6]
2022-01-08 18:50:17 INFO  ReimbursementDAOTest:35 - null
2022-01-08 18:51:56 INFO  ReimbursementDAOTest:127 - Comment [commentId=1, request=Reimbursement [reqId=1, requestor=Employee [empId=15, firstName=First, lastName=Last, username=, password=, role=Role [roleId=1, name=Employee], funds=1000.0, supervisor=Employee [empId=15, firstName=null, lastName=null, username=null, password=null, role=null, funds=0.0, supervisor=null, department=null], department=Department [deptId=1, name=Executive, deptHeadId=1]], eventDate=null, eventTime=null, location=, description=, cost=0.0, gradingFormat=GradingFormat [formatId=4, name=Other, example=null], eventType=EventType [eventId=6, name=Other, percentCovered=30.0], status=Status [statusId=1, name=Pending Approval, approver=Direct Supervisor], submittedAt=null], approver=Employee [empId=5, firstName=First, lastName=Last, username=, password=, role=Role [roleId=1, name=Employee], funds=1000.0, supervisor=Employee [empId=15, firstName=null, lastName=null, username=null, password=null, role=null, funds=0.0, supervisor=null, department=null], department=Department [deptId=1, name=Executive, deptHeadId=1]], commentText=Gorilla gorilla, sentAt=2021-05-30T00:00]
2022-01-08 18:51:57 INFO  ReimbursementDAOTest:134 - null
2022-01-08 18:51:58 INFO  ReimbursementDAOTest:32 - Status [statusId=1, name=Pending Approval, approver=Direct Supervisor]
2022-01-08 18:51:59 INFO  GradingFormatDAOTest:65 - []
2022-01-08 18:52:01 INFO  ReimbursementDAOTest:28 - EventType [eventId=2, name=Seminars, percentCovered=0.6]
2022-01-08 18:52:02 INFO  ReimbursementDAOTest:35 - null
2022-01-08 18:52:03 INFO  Department:32 - null
2022-01-08 18:53:35 INFO  ReimbursementDAOTest:127 - Comment [commentId=1, request=Reimbursement [reqId=1, requestor=Employee [empId=15, firstName=First, lastName=Last, username=, password=, role=Role [roleId=1, name=Employee], funds=1000.0, supervisor=Employee [empId=15, firstName=null, lastName=null, username=null, password=null, role=null, funds=0.0, supervisor=null, department=null], department=Department [deptId=1, name=Executive, deptHeadId=1]], eventDate=null, eventTime=null, location=, description=, cost=0.0, gradingFormat=GradingFormat [formatId=4, name=Other, example=null], eventType=EventType [eventId=6, name=Other, percentCovered=30.0], status=Status [statusId=1, name=Pending Approval, approver=Direct Supervisor], submittedAt=null], approver=Employee [empId=5, firstName=First, lastName=Last, username=, password=, role=Role [roleId=1, name=Employee], funds=1000.0, supervisor=Employee [empId=15, firstName=null, lastName=null, username=null, password=null, role=null, funds=0.0, supervisor=null, department=null], department=Department [deptId=1, name=Executive, deptHeadId=1]], commentText=Gorilla gorilla, sentAt=2021-05-30T00:00]
2022-01-08 18:53:35 INFO  ReimbursementDAOTest:134 - null
2022-01-08 18:53:37 INFO  ReimbursementDAOTest:32 - Status [statusId=1, name=Pending Approval, approver=Direct Supervisor]
2022-01-08 18:53:38 INFO  GradingFormatDAOTest:65 - []
2022-01-08 18:53:39 INFO  ReimbursementDAOTest:28 - EventType [eventId=2, name=Seminars, percentCovered=0.6]
2022-01-08 18:53:40 INFO  ReimbursementDAOTest:35 - null
2022-01-08 18:53:41 INFO  Department:32 - null
2022-01-09 15:05:56 INFO  ReimbursementDAOTest:28 - null
2022-01-09 15:05:57 INFO  ReimbursementDAOTest:35 - null
2022-01-09 15:06:08 INFO  ReimbursementDAOTest:28 - null
2022-01-09 15:06:09 INFO  ReimbursementDAOTest:35 - null
2022-01-09 15:06:29 INFO  GradingFormatDAOTest:65 - []
2022-01-09 15:07:22 INFO  ReimbursementDAOTest:127 - null
2022-01-09 15:07:23 INFO  ReimbursementDAOTest:134 - null
2022-01-09 15:07:39 INFO  ReimbursementDAOTest:32 - Status [statusId=1, name=Pending Approval, approver=Direct Supervisor]
